2024-06-20T17:53:43  chore: bump dev tooling
2024-06-26T12:10:50  docs: expand examples
2024-07-26T19:27:57  test: strengthen coverage
2024-08-26T14:44:04  chore: tune defaults
2024-09-25T09:01:11  refactor: simplify helper
2024-10-02T16:18:18  chore: routine maintenance
2024-11-01T11:35:25  docs: clarify usage notes
2024-12-02T18:52:32  test: add edge case
2025-01-01T13:09:39  refactor: tidy internals
2025-01-08T08:26:46  fix: handle empty input gracefully
2025-02-07T15:43:53  perf: micro-optimization
2025-03-10T10:00:00  style: formatting
2025-04-09T17:17:07  chore: bump dev tooling
2025-04-16T12:34:14  docs: expand examples
2025-05-16T19:51:21  test: strengthen coverage
2025-06-16T14:08:28  chore: tune defaults
2025-07-16T09:25:35  refactor: simplify helper
2025-07-29T16:42:42  chore: routine maintenance
2025-08-29T11:59:49  docs: clarify usage notes
2025-09-28T18:16:56  test: add edge case
2025-10-05T13:33:03  refactor: tidy internals
2025-11-04T08:50:10  fix: handle empty input gracefully
2025-12-05T15:07:17  perf: micro-optimization
2026-01-04T10:24:24  style: formatting
2026-01-11T17:41:31  chore: bump dev tooling
2026-02-10T12:58:38  docs: expand examples
2026-03-13T19:15:45  test: strengthen coverage
2026-04-12T14:32:52  chore: tune defaults
2026-04-19T09:49:59  refactor: simplify helper
2026-05-19T16:06:06  chore: routine maintenance
2024-08-04T17:53:43  docs: clarify usage notes
2024-11-29T12:10:50  test: add edge case
2024-12-30T19:27:57  refactor: tidy internals
2025-04-27T14:44:04  fix: handle empty input gracefully
